<?xml version="1.0" encoding="UTF-8"?>
<testsuite xmlns:xsi="http://www.w3.org/2001/XMLSchema-instance" xsi:noNamespaceSchemaLocation="https://maven.apache.org/surefire/maven-surefire-plugin/xsd/surefire-test-report-3.0.xsd" version="3.0" name="ie.planmyrun.api.planmyrunAPI.controller.AccountStatusControllerTest" time="11.343" tests="7" errors="0" skipped="0" failures="0">
  <properties>
[...]
</properties>
  <testcase name="checkStatus_findsByAccountId" classname="ie.planmyrun.api.planmyrunAPI.controller.AccountStatusControllerTest" time="1.217">
    <system-out><![CDATA[21:34:23.395 [main] INFO org.springframework.test.context.support.AnnotationConfigContextLoaderUtils -- Could not detect default configuration classes for test class [ie.planmyrun.api.planmyrunAPI.controller.AccountStatusControllerTest]: AccountStatusControllerTest does not declare any static, non-private, non-final, nested classes annotated with @Configuration.
21:34:23.627 [main] INFO org.springframework.boot.test.context.SpringBootTestContextBootstrapper -- Found @SpringBootConfiguration ie.planmyrun.api.planmyrunAPI.PlanmyrunApiApplication for test class ie.planmyrun.api.planmyrunAPI.controller.AccountStatusControllerTest
  .   ____          _            __ _ _
 /\\ / ___'_ __ _ _(_)_ __  __ _ \ \ \ \
( ( )\___ | '_ | '_| | '_ \/ _` | \ \ \ \
 \\/  ___)| |_)| | | | | || (_| |  ) ) ) )
  '  |____| .__|_| |_|_| |_\__, | / / / /
 =========|_|==============|___/=/_/_/_/

 :: Spring Boot ::                (v3.3.0)

2026-02-19T21:34:24.493Z  INFO 30100 --- [           main] i.p.a.p.c.AccountStatusControllerTest    : Starting AccountStatusControllerTest using Java 21.0.5 with PID 30100 (started by seanp in C:\Users\seanp\Desktop\repo\planmyrunAPI)
2026-02-19T21:34:24.495Z  INFO 30100 --- [           main] i.p.a.p.c.AccountStatusControllerTest    : No active profile set, falling back to 1 default profile: "default"
2026-02-19T21:34:26.133Z  INFO 30100 --- [           main] .s.d.r.c.RepositoryConfigurationDelegate : Bootstrapping Spring Data JPA repositories in DEFAULT mode.
2026-02-19T21:34:26.266Z  INFO 30100 --- [           main] .s.d.r.c.RepositoryConfigurationDelegate : Finished Spring Data repository scanning in 117 ms. Found 2 JPA repository interfaces.
2026-02-19T21:34:27.135Z  INFO 30100 --- [           main] o.hibernate.jpa.internal.util.LogHelper  : HHH000204: Processing PersistenceUnitInfo [name: default]
2026-02-19T21:34:27.507Z  INFO 30100 --- [           main] org.hibernate.Version                    : HHH000412: Hibernate ORM core version 6.5.2.Final
2026-02-19T21:34:27.811Z  INFO 30100 --- [           main] o.h.c.internal.RegionFactoryInitiator    : HHH000026: Second-level cache disabled
2026-02-19T21:34:28.595Z  INFO 30100 --- [           main] o.s.o.j.p.SpringPersistenceUnitInfo      : No LoadTimeWeaver setup: ignoring JPA class transformer
2026-02-19T21:34:28.660Z  INFO 30100 --- [           main] com.zaxxer.hikari.HikariDataSource       : HikariPool-1 - Starting...
2026-02-19T21:34:28.920Z  INFO 30100 --- [           main] com.zaxxer.hikari.pool.HikariPool        : HikariPool-1 - Added connection conn0: url=jdbc:h2:mem:testdb user=SA
2026-02-19T21:34:28.923Z  INFO 30100 --- [           main] com.zaxxer.hikari.HikariDataSource       : HikariPool-1 - Start completed.
2026-02-19T21:34:28.970Z  WARN 30100 --- [           main] org.hibernate.orm.deprecation            : HHH90000025: H2Dialect does not need to be specified explicitly using 'hibernate.dialect' (remove the property setting and it will be selected by default)
2026-02-19T21:34:30.349Z  INFO 30100 --- [           main] o.h.e.t.j.p.i.JtaPlatformInitiator       : HHH000489: No JTA platform available (set 'hibernate.transaction.jta.platform' to enable JTA platform integration)
2026-02-19T21:34:30.432Z  INFO 30100 --- [           main] j.LocalContainerEntityManagerFactoryBean : Initialized JPA EntityManagerFactory for persistence unit 'default'
2026-02-19T21:34:31.856Z  WARN 30100 --- [           main] JpaBaseConfiguration$JpaWebConfiguration : spring.jpa.open-in-view is enabled by default. Therefore, database queries may be performed during view rendering. Explicitly configure spring.jpa.open-in-view to disable this warning
2026-02-19T21:34:32.938Z  INFO 30100 --- [           main] o.s.b.t.m.w.SpringBootMockServletContext : Initializing Spring TestDispatcherServlet ''
2026-02-19T21:34:32.939Z  INFO 30100 --- [           main] o.s.t.web.servlet.TestDispatcherServlet  : Initializing Servlet ''
2026-02-19T21:34:32.941Z  INFO 30100 --- [           main] o.s.t.web.servlet.TestDispatcherServlet  : Completed initialization in 1 ms
2026-02-19T21:34:32.986Z  INFO 30100 --- [           main] i.p.a.p.c.AccountStatusControllerTest    : Started AccountStatusControllerTest in 8.909 seconds (process running for 10.718)
2026-02-19T21:34:34.114Z  INFO 30100 --- [           main] i.p.a.p.c.AccountStatusController        : Account status check requested (identifier length=1)
2026-02-19T21:34:34.137Z  INFO 30100 --- [           main] i.p.a.p.service.AccountStatusService     : Account status check: account active, id=1
]]></system-out>
    <system-err><![CDATA[WARNING: A Java agent has been loaded dynamically (C:\Users\seanp\.m2\repository\net\bytebuddy\byte-buddy-agent\1.14.16\byte-buddy-agent-1.14.16.jar)
WARNING: If a serviceability tool is in use, please run with -XX:+EnableDynamicAgentLoading to hide this warning
WARNING: If a serviceability tool is not in use, please run with -Djdk.instrument.traceUsage for more information
WARNING: Dynamic loading of agents will be disallowed by default in a future release
]]></system-err>
  </testcase>
  <testcase name="checkStatus_returns400_whenUserIdentifierMissing" classname="ie.planmyrun.api.planmyrunAPI.controller.AccountStatusControllerTest" time="0.063">
    <system-out><![CDATA[2026-02-19T21:34:34.271Z  INFO 30100 --- [           main] i.p.a.p.e.GlobalExceptionHandler         : Validation failed: user_identifier: user_identifier is required
]]></system-out>
  </testcase>
  <testcase name="checkStatus_returns401_whenApiKeyMissing" classname="ie.planmyrun.api.planmyrunAPI.controller.AccountStatusControllerTest" time="0.013">
    <system-out><![CDATA[2026-02-19T21:34:34.311Z  INFO 30100 --- [           main] i.p.a.p.config.ApiKeyAuthFilter          : Account API request rejected: missing or invalid API key
]]></system-out>
  </testcase>
  <testcase name="checkStatus_returns404_whenAccountNotFound" classname="ie.planmyrun.api.planmyrunAPI.controller.AccountStatusControllerTest" time="0.053">
    <system-out><![CDATA[2026-02-19T21:34:34.327Z  INFO 30100 --- [           main] i.p.a.p.c.AccountStatusController        : Account status check requested (identifier length=18)
2026-02-19T21:34:34.371Z  INFO 30100 --- [           main] i.p.a.p.service.AccountStatusService     : Account status check: no account found for identifier (masked)
2026-02-19T21:34:34.373Z  INFO 30100 --- [           main] i.p.a.p.e.GlobalExceptionHandler         : Account not found: No account found for the given identifier.
]]></system-out>
  </testcase>
  <testcase name="checkStatus_returns401_whenApiKeyInvalid" classname="ie.planmyrun.api.planmyrunAPI.controller.AccountStatusControllerTest" time="0.014">
    <system-out><![CDATA[2026-02-19T21:34:34.386Z  INFO 30100 --- [           main] i.p.a.p.config.ApiKeyAuthFilter          : Account API request rejected: missing or invalid API key
]]></system-out>
  </testcase>
  <testcase name="checkStatus_returns200_inactive_whenAccountSuspended" classname="ie.planmyrun.api.planmyrunAPI.controller.AccountStatusControllerTest" time="0.028">
    <system-out><![CDATA[2026-02-19T21:34:34.409Z  INFO 30100 --- [           main] i.p.a.p.c.AccountStatusController        : Account status check requested (identifier length=21)
2026-02-19T21:34:34.411Z  INFO 30100 --- [           main] i.p.a.p.service.AccountStatusService     : Account status check: account not active, id=2, status=suspended
]]></system-out>
  </testcase>
  <testcase name="checkStatus_returns200_active_whenAccountExistsAndActive" classname="ie.planmyrun.api.planmyrunAPI.controller.AccountStatusControllerTest" time="0.021">
    <system-out><![CDATA[2026-02-19T21:34:34.441Z  INFO 30100 --- [           main] i.p.a.p.c.AccountStatusController        : Account status check requested (identifier length=16)
2026-02-19T21:34:34.442Z  INFO 30100 --- [           main] i.p.a.p.service.AccountStatusService     : Account status check: account active, id=3
]]></system-out>
  </testcase>
</testsuite>